9/1/2020 9:29:02 PM	This log contains information about the import schema operation into project 'SQLServerDatabase' on computer 'BOSS2-VA' by user 'AZURE-DBA'.
9/1/2020 9:29:02 PM	Import of database schema has started.
9/1/2020 9:29:15 PM	Gathering database credentials
9/1/2020 9:29:15 PM	Gathering database options
9/1/2020 9:29:15 PM	Gathering users
9/1/2020 9:29:15 PM	Gathering roles
9/1/2020 9:29:15 PM	Gathering application roles
9/1/2020 9:29:15 PM	Gathering role memberships
9/1/2020 9:29:16 PM	Gathering filegroups
9/1/2020 9:29:16 PM	Gathering full-text catalogs
9/1/2020 9:29:16 PM	Gathering assemblies
9/1/2020 9:29:16 PM	Gathering certificates
9/1/2020 9:29:16 PM	Gathering asymmetric keys
9/1/2020 9:29:16 PM	Gathering symmetric keys
9/1/2020 9:29:16 PM	Gathering encrypted symmetric keys
9/1/2020 9:29:16 PM	Gathering schemas
9/1/2020 9:29:16 PM	Gathering XML schema collections
9/1/2020 9:29:16 PM	Gathering user-defined data types
9/1/2020 9:29:16 PM	Gathering user-defined types
9/1/2020 9:29:16 PM	Gathering table types
9/1/2020 9:29:16 PM	Gathering unique keys for table types
9/1/2020 9:29:16 PM	Gathering primary keys for table types
9/1/2020 9:29:16 PM	Gathering indexes for table types
9/1/2020 9:29:16 PM	Gathering check constraints for table types
9/1/2020 9:29:16 PM	Gathering default constraints for table types
9/1/2020 9:29:16 PM	Gathering partition functions
9/1/2020 9:29:16 PM	Gathering partition schemes
9/1/2020 9:29:19 PM	Gathering functions
9/1/2020 9:29:19 PM	Gathering encrypted functions
9/1/2020 9:29:19 PM	Gathering aggregates
9/1/2020 9:29:19 PM	Gathering procedures
9/1/2020 9:29:19 PM	Gathering encrypted procedures
9/1/2020 9:29:19 PM	Gathering tables
9/1/2020 9:29:20 PM	Gathering primary keys
9/1/2020 9:29:20 PM	Gathering unique constraints
9/1/2020 9:29:20 PM	Gathering foreign keys
9/1/2020 9:29:20 PM	Gathering default constraints
9/1/2020 9:29:20 PM	Gathering check constraints
9/1/2020 9:29:20 PM	Gathering views
9/1/2020 9:29:20 PM	Gathering encrypted views
9/1/2020 9:29:20 PM	Gathering indexes
9/1/2020 9:29:20 PM	Gathering statistics
9/1/2020 9:29:20 PM	Gathering full-text index stoplists
9/1/2020 9:29:20 PM	Gathering search property lists
9/1/2020 9:29:20 PM	Gathering search properties
9/1/2020 9:29:20 PM	Gathering full-text indexes
9/1/2020 9:29:20 PM	Gathering column store indexes
9/1/2020 9:29:20 PM	Gathering spatial indexes
9/1/2020 9:29:20 PM	Gathering XML indexes
9/1/2020 9:29:20 PM	Gathering Selective XML indexes
9/1/2020 9:29:21 PM	Gathering encrypted triggers
9/1/2020 9:29:21 PM	Gathering triggers
9/1/2020 9:29:21 PM	Gathering encrypted and clr ddl triggers
9/1/2020 9:29:21 PM	Gathering ddl triggers
9/1/2020 9:29:21 PM	Gathering synonyms
9/1/2020 9:29:21 PM	Gathering defaults
9/1/2020 9:29:21 PM	Gathering data constraint uddt bindings
9/1/2020 9:29:21 PM	Gathering rules
9/1/2020 9:29:21 PM	Gathering data constraint uddt bindings
9/1/2020 9:29:21 PM	Gathering message types
9/1/2020 9:29:21 PM	Gathering queues
9/1/2020 9:29:21 PM	Gathering contracts
9/1/2020 9:29:21 PM	Gathering services
9/1/2020 9:29:21 PM	Gathering event notifications
9/1/2020 9:29:21 PM	Gathering remote service bindings
9/1/2020 9:29:21 PM	Gathering broker priorities
9/1/2020 9:29:21 PM	Gathering signatures
9/1/2020 9:29:21 PM	Gathering data compression options
9/1/2020 9:29:21 PM	Gathering sequence types
9/1/2020 9:29:21 PM	Gathering security policies
9/1/2020 9:29:21 PM	Gather column encryption keys
9/1/2020 9:29:21 PM	Gathering column master keys
9/1/2020 9:29:21 PM	Gathering external data sources
9/1/2020 9:29:21 PM	Gathering external file formats
9/1/2020 9:29:21 PM	Gathering external tables
9/1/2020 9:29:21 PM	Gathering extended properties
9/1/2020 9:29:21 PM	Gathering credentials
9/1/2020 9:29:21 PM	Gathering logins
9/1/2020 9:29:21 PM	Gathering server audits
9/1/2020 9:29:22 PM	Finished importing database.
9/1/2020 9:29:22 PM	A summary of the import was saved to the following location: C:\Users\SQLDBA\source\repos\SQLServerDatabase_sol\SQLServerDatabase\Import Schema Logs\SQLServerDatabase_20200902012902.log
9/1/2020 9:29:22 PM	Click Finish to continue...
